<html xmlns:math="http://exslt.org/math" xmlns:testng="http://testng.org">
   <head>
      <title>TestNG Results</title>
      <meta http-equiv="content-type" content="text/html; charset=utf-8"></meta>
      <meta http-equiv="pragma" content="no-cache"></meta>
      <meta http-equiv="cache-control" content="max-age=0"></meta>
      <meta http-equiv="cache-control" content="no-cache"></meta>
      <meta http-equiv="cache-control" content="no-store"></meta>
      <LINK rel="stylesheet" href="style.css"></LINK>
      <script type="text/javascript" src="main.js"></script>
   </head>
   <body>
      <table width="100%" style="font-size: 16px; margin-bottom: 10px;" cellspacing="1">
         <tr>
            <td width="100%">
               All methods in suite
               
               <b>Suite</b>
            </td>
            <td style="background-color: #FFBBBB; padding: 3px 3px 3px 0;" align="center">
               <div style="width: 50px;">4</div>
            </td>
            <td style="background-color: lightgreen; padding: 3px 3px 3px 0;" align="center">
               <div style="width: 50px;">0</div>
            </td>
            <td style="background-color: #FFFFBB; padding: 3px 3px 3px 0;" align="center">
               <div style="width: 50px;">0</div>
            </td>
            <td align="center" style="background-color: #eaf0f7; padding: 3px 3px 3px 0;">
               <div style="width: 50px;">4</div>
            </td>
            <td align="center"
                style="font-weight: bold; background-color: #eaf0f7; padding: 3px 3px 3px 0;">
               <div style="width: 50px;">0%</div>
            </td>
            <td style="background-color: #eaf0f7; padding: 3px 3px 3px 0;" align="center"
                nowrap="true">50s
               
            </td>
         </tr>
      </table>
      <div style="width: 200px;">
         <label for="groupMethodsCheckBox" style="font-weight: bold; margin: 0;">
            <input id="groupMethodsCheckBox" type="checkbox" onclick="switchTestMethodsView(this)"></input>
            Group by class
            
         </label>
         <br></br>
         <label for="methodsFilter_ALL" style="font-weight: bold; margin: 0;">
            <input id="methodsFilter_ALL" type="checkbox"
                   onclick="testMethodsFilterChanged(this, 'ALL')"></input>
            All
            
         </label>
      </div>
      <label for="methodsFilter_FAIL" style="margin-left: 20px;">
         <input id="methodsFilter_FAIL" type="checkbox"
                onclick="testMethodsFilterChanged(this, 'FAIL')"
                checked=""></input>
         Failed
         
      </label>
      <label for="methodsFilter_PASS">
         <input id="methodsFilter_PASS" type="checkbox"
                onclick="testMethodsFilterChanged(this, 'PASS')"
                checked=""></input>
         Passed
         
      </label>
      <label for="methodsFilter_SKIP">
         <input id="methodsFilter_SKIP" type="checkbox"
                onclick="testMethodsFilterChanged(this, 'SKIP')"
                checked=""></input>
         Skipped
         
      </label>
      <label for="methodsFilter_CONF">
         <input id="methodsFilter_CONF" type="checkbox"
                onclick="testMethodsFilterChanged(this, 'CONF')"></input>
         Config
         
      </label>
      <br></br>
      <div id="testMethodsByStatus">
         <table class="testMethodsTable" cellpadding="0" cellspacing="0">
            <tr class="methodsTableHeader">
               <td width="100%">Name</td>
               <td nowrap="true">Started</td>
               <td nowrap="true">Duration</td>
               <td>Exception</td>
            </tr>
            <tr id="test1.LoginTest1_LoginWithSpecialCharTest_byStatus_failed_FAIL1_row"
                class="testMethodStatusFAIL">
               <td width="100%" class="firstMethodCell">
                  <a onclick="toggleDetailsVisibility('test1.LoginTest1_LoginWithSpecialCharTest_byStatus_failed_FAIL1_details')">LoginWithSpecialCharTest()</a>
               </td>
               <td nowrap="true">19:18:59</td>
               <td nowrap="true" align="right">8s
                  
               </td>
               <td nowrap="true">
                  <a onclick="toggleDetailsVisibility('test1.LoginTest1_LoginWithSpecialCharTest_byStatus_failed_FAIL1_exception')">java.lang.AssertionError: 
                     expected [Please enter a username or card number without special characters.] but found [This should be working, but something's
                     gone wrong. Please try again soon. [500.GENERIC]]
                     
                  </a>
                   
                  
               </td>
            </tr>
            <tr>
               <td colspan="4" class="detailsBox">
                  <div id="test1.LoginTest1_LoginWithSpecialCharTest_byStatus_failed_FAIL1_details"
                       class="testMethodDetails">
                     <div>
                        <b>Name: </b>LoginWithSpecialCharTest
                     </div>
                     <div>
                        <b>Signature: </b>LoginWithSpecialCharTest()[pri:1, instance:test1.LoginTest1@49912c99]
                     </div>
                     <div>
                        <b>Start time: </b>19:18:59
                     </div>
                     <div>
                        <b>End time: </b>19:19:08
                     </div>
                     <div>
                        <b>Duration: </b>8s
                        
                     </div>
                  </div>
               </td>
            </tr>
            <tr>
               <td colspan="4" class="detailsBox">
                  <div id="test1.LoginTest1_LoginWithSpecialCharTest_byStatus_failed_FAIL1_exception"
                       class="testMethodDetails">
                     <pre style="padding: 5px; margin: 0;">java.lang.AssertionError: expected [Please enter a username or card number without special characters.] but found [This should
                        be working, but something's gone wrong. Please try again soon. [500.GENERIC]]
                        at org.testng.Assert.fail(Assert.java:96)
                        at org.testng.Assert.failNotEquals(Assert.java:776)
                        at org.testng.Assert.assertEqualsImpl(Assert.java:137)
                        at org.testng.Assert.assertEquals(Assert.java:118)
                        at org.testng.Assert.assertEquals(Assert.java:453)
                        at org.testng.Assert.assertEquals(Assert.java:463)
                        at test1.LoginTest1.LoginWithSpecialCharTest(LoginTest1.java:42)
                        at java.base/jdk.internal.reflect.NativeMethodAccessorImpl.invoke0(Native Method)
                        at java.base/jdk.internal.reflect.NativeMethodAccessorImpl.invoke(NativeMethodAccessorImpl.java:62)
                        at java.base/jdk.internal.reflect.DelegatingMethodAccessorImpl.invoke(DelegatingMethodAccessorImpl.java:43)
                        at java.base/java.lang.reflect.Method.invoke(Method.java:564)
                        at org.testng.internal.MethodInvocationHelper.invokeMethod(MethodInvocationHelper.java:124)
                        at org.testng.internal.Invoker.invokeMethod(Invoker.java:580)
                        at org.testng.internal.Invoker.invokeTestMethod(Invoker.java:716)
                        at org.testng.internal.Invoker.invokeTestMethods(Invoker.java:988)
                        at org.testng.internal.TestMethodWorker.invokeTestMethods(TestMethodWorker.java:125)
                        at org.testng.internal.TestMethodWorker.run(TestMethodWorker.java:109)
                        at org.testng.TestRunner.privateRun(TestRunner.java:648)
                        at org.testng.TestRunner.run(TestRunner.java:505)
                        at org.testng.SuiteRunner.runTest(SuiteRunner.java:455)
                        at org.testng.SuiteRunner.runSequentially(SuiteRunner.java:450)
                        at org.testng.SuiteRunner.privateRun(SuiteRunner.java:415)
                        at org.testng.SuiteRunner.run(SuiteRunner.java:364)
                        at org.testng.SuiteRunnerWorker.runSuite(SuiteRunnerWorker.java:52)
                        at org.testng.SuiteRunnerWorker.run(SuiteRunnerWorker.java:84)
                        at org.testng.TestNG.runSuitesSequentially(TestNG.java:1208)
                        at org.testng.TestNG.runSuitesLocally(TestNG.java:1137)
                        at org.testng.TestNG.runSuites(TestNG.java:1049)
                        at org.testng.TestNG.run(TestNG.java:1017)
                        at org.testng.TestNG.privateMain(TestNG.java:1354)
                        at org.testng.TestNG.main(TestNG.java:1323)
                     </pre>
                  </div>
               </td>
            </tr>
            <tr id="test1.LoginTest1_LoginWithEmptyEmail_byStatus_failed_FAIL2_row"
                class="testMethodStatusFAIL">
               <td width="100%" class="firstMethodCell">
                  <a onclick="toggleDetailsVisibility('test1.LoginTest1_LoginWithEmptyEmail_byStatus_failed_FAIL2_details')">LoginWithEmptyEmail()</a>
               </td>
               <td nowrap="true">19:19:11</td>
               <td nowrap="true" align="right">8s
                  
               </td>
               <td nowrap="true">
                  <a onclick="toggleDetailsVisibility('test1.LoginTest1_LoginWithEmptyEmail_byStatus_failed_FAIL2_exception')">java.lang.AssertionError: 
                     expected [Please enter your username or card number.] but found [Please enter your Username or Access Card number.]
                     
                  </a>
                   
                  
               </td>
            </tr>
            <tr>
               <td colspan="4" class="detailsBox">
                  <div id="test1.LoginTest1_LoginWithEmptyEmail_byStatus_failed_FAIL2_details"
                       class="testMethodDetails">
                     <div>
                        <b>Name: </b>LoginWithEmptyEmail
                     </div>
                     <div>
                        <b>Signature: </b>LoginWithEmptyEmail()[pri:2, instance:test1.LoginTest1@49912c99]
                     </div>
                     <div>
                        <b>Start time: </b>19:19:11
                     </div>
                     <div>
                        <b>End time: </b>19:19:20
                     </div>
                     <div>
                        <b>Duration: </b>8s
                        
                     </div>
                  </div>
               </td>
            </tr>
            <tr>
               <td colspan="4" class="detailsBox">
                  <div id="test1.LoginTest1_LoginWithEmptyEmail_byStatus_failed_FAIL2_exception"
                       class="testMethodDetails">
                     <pre style="padding: 5px; margin: 0;">java.lang.AssertionError: expected [Please enter your username or card number.] but found [Please enter your Username or Access
                        Card number.]
                        at org.testng.Assert.fail(Assert.java:96)
                        at org.testng.Assert.failNotEquals(Assert.java:776)
                        at org.testng.Assert.assertEqualsImpl(Assert.java:137)
                        at org.testng.Assert.assertEquals(Assert.java:118)
                        at org.testng.Assert.assertEquals(Assert.java:453)
                        at org.testng.Assert.assertEquals(Assert.java:463)
                        at test1.LoginTest1.LoginWithEmptyEmail(LoginTest1.java:53)
                        at java.base/jdk.internal.reflect.NativeMethodAccessorImpl.invoke0(Native Method)
                        at java.base/jdk.internal.reflect.NativeMethodAccessorImpl.invoke(NativeMethodAccessorImpl.java:62)
                        at java.base/jdk.internal.reflect.DelegatingMethodAccessorImpl.invoke(DelegatingMethodAccessorImpl.java:43)
                        at java.base/java.lang.reflect.Method.invoke(Method.java:564)
                        at org.testng.internal.MethodInvocationHelper.invokeMethod(MethodInvocationHelper.java:124)
                        at org.testng.internal.Invoker.invokeMethod(Invoker.java:580)
                        at org.testng.internal.Invoker.invokeTestMethod(Invoker.java:716)
                        at org.testng.internal.Invoker.invokeTestMethods(Invoker.java:988)
                        at org.testng.internal.TestMethodWorker.invokeTestMethods(TestMethodWorker.java:125)
                        at org.testng.internal.TestMethodWorker.run(TestMethodWorker.java:109)
                        at org.testng.TestRunner.privateRun(TestRunner.java:648)
                        at org.testng.TestRunner.run(TestRunner.java:505)
                        at org.testng.SuiteRunner.runTest(SuiteRunner.java:455)
                        at org.testng.SuiteRunner.runSequentially(SuiteRunner.java:450)
                        at org.testng.SuiteRunner.privateRun(SuiteRunner.java:415)
                        at org.testng.SuiteRunner.run(SuiteRunner.java:364)
                        at org.testng.SuiteRunnerWorker.runSuite(SuiteRunnerWorker.java:52)
                        at org.testng.SuiteRunnerWorker.run(SuiteRunnerWorker.java:84)
                        at org.testng.TestNG.runSuitesSequentially(TestNG.java:1208)
                        at org.testng.TestNG.runSuitesLocally(TestNG.java:1137)
                        at org.testng.TestNG.runSuites(TestNG.java:1049)
                        at org.testng.TestNG.run(TestNG.java:1017)
                        at org.testng.TestNG.privateMain(TestNG.java:1354)
                        at org.testng.TestNG.main(TestNG.java:1323)
                     </pre>
                  </div>
               </td>
            </tr>
            <tr id="test1.LoginTest1_LoginWithEmptyPassword_byStatus_failed_FAIL3_row"
                class="testMethodStatusFAIL">
               <td width="100%" class="firstMethodCell">
                  <a onclick="toggleDetailsVisibility('test1.LoginTest1_LoginWithEmptyPassword_byStatus_failed_FAIL3_details')">LoginWithEmptyPassword()</a>
               </td>
               <td nowrap="true">19:19:23</td>
               <td nowrap="true" align="right">8s
                  
               </td>
               <td nowrap="true">
                  <a onclick="toggleDetailsVisibility('test1.LoginTest1_LoginWithEmptyPassword_byStatus_failed_FAIL3_exception')">java.lang.AssertionError: 
                     expected [Please enter your password.] but found [Please enter your password]
                     
                  </a>
                   
                  
               </td>
            </tr>
            <tr>
               <td colspan="4" class="detailsBox">
                  <div id="test1.LoginTest1_LoginWithEmptyPassword_byStatus_failed_FAIL3_details"
                       class="testMethodDetails">
                     <div>
                        <b>Name: </b>LoginWithEmptyPassword
                     </div>
                     <div>
                        <b>Signature: </b>LoginWithEmptyPassword()[pri:3, instance:test1.LoginTest1@49912c99]
                     </div>
                     <div>
                        <b>Start time: </b>19:19:23
                     </div>
                     <div>
                        <b>End time: </b>19:19:32
                     </div>
                     <div>
                        <b>Duration: </b>8s
                        
                     </div>
                  </div>
               </td>
            </tr>
            <tr>
               <td colspan="4" class="detailsBox">
                  <div id="test1.LoginTest1_LoginWithEmptyPassword_byStatus_failed_FAIL3_exception"
                       class="testMethodDetails">
                     <pre style="padding: 5px; margin: 0;">java.lang.AssertionError: expected [Please enter your password.] but found [Please enter your password]
                        at org.testng.Assert.fail(Assert.java:96)
                        at org.testng.Assert.failNotEquals(Assert.java:776)
                        at org.testng.Assert.assertEqualsImpl(Assert.java:137)
                        at org.testng.Assert.assertEquals(Assert.java:118)
                        at org.testng.Assert.assertEquals(Assert.java:453)
                        at org.testng.Assert.assertEquals(Assert.java:463)
                        at test1.LoginTest1.LoginWithEmptyPassword(LoginTest1.java:63)
                        at java.base/jdk.internal.reflect.NativeMethodAccessorImpl.invoke0(Native Method)
                        at java.base/jdk.internal.reflect.NativeMethodAccessorImpl.invoke(NativeMethodAccessorImpl.java:62)
                        at java.base/jdk.internal.reflect.DelegatingMethodAccessorImpl.invoke(DelegatingMethodAccessorImpl.java:43)
                        at java.base/java.lang.reflect.Method.invoke(Method.java:564)
                        at org.testng.internal.MethodInvocationHelper.invokeMethod(MethodInvocationHelper.java:124)
                        at org.testng.internal.Invoker.invokeMethod(Invoker.java:580)
                        at org.testng.internal.Invoker.invokeTestMethod(Invoker.java:716)
                        at org.testng.internal.Invoker.invokeTestMethods(Invoker.java:988)
                        at org.testng.internal.TestMethodWorker.invokeTestMethods(TestMethodWorker.java:125)
                        at org.testng.internal.TestMethodWorker.run(TestMethodWorker.java:109)
                        at org.testng.TestRunner.privateRun(TestRunner.java:648)
                        at org.testng.TestRunner.run(TestRunner.java:505)
                        at org.testng.SuiteRunner.runTest(SuiteRunner.java:455)
                        at org.testng.SuiteRunner.runSequentially(SuiteRunner.java:450)
                        at org.testng.SuiteRunner.privateRun(SuiteRunner.java:415)
                        at org.testng.SuiteRunner.run(SuiteRunner.java:364)
                        at org.testng.SuiteRunnerWorker.runSuite(SuiteRunnerWorker.java:52)
                        at org.testng.SuiteRunnerWorker.run(SuiteRunnerWorker.java:84)
                        at org.testng.TestNG.runSuitesSequentially(TestNG.java:1208)
                        at org.testng.TestNG.runSuitesLocally(TestNG.java:1137)
                        at org.testng.TestNG.runSuites(TestNG.java:1049)
                        at org.testng.TestNG.run(TestNG.java:1017)
                        at org.testng.TestNG.privateMain(TestNG.java:1354)
                        at org.testng.TestNG.main(TestNG.java:1323)
                     </pre>
                  </div>
               </td>
            </tr>
            <tr id="test1.LoginTest1_LoginWithwrongemailpasswordTest_byStatus_failed_FAIL4_row"
                class="testMethodStatusFAIL">
               <td width="100%" class="firstMethodCell">
                  <a onclick="toggleDetailsVisibility('test1.LoginTest1_LoginWithwrongemailpasswordTest_byStatus_failed_FAIL4_details')">LoginWithwrongemailpasswordTest()</a>
               </td>
               <td nowrap="true">19:19:36</td>
               <td nowrap="true" align="right">8s
                  
               </td>
               <td nowrap="true">
                  <a onclick="toggleDetailsVisibility('test1.LoginTest1_LoginWithwrongemailpasswordTest_byStatus_failed_FAIL4_exception')">java.lang.AssertionError: 
                     expected [Please check your card number / username or password and try again.] but found [This should be working, but something's
                     gone wrong. Please try again soon. [500.GENERIC]]
                     
                  </a>
                   
                  
               </td>
            </tr>
            <tr>
               <td colspan="4" class="detailsBox">
                  <div id="test1.LoginTest1_LoginWithwrongemailpasswordTest_byStatus_failed_FAIL4_details"
                       class="testMethodDetails">
                     <div>
                        <b>Name: </b>LoginWithwrongemailpasswordTest
                     </div>
                     <div>
                        <b>Signature: </b>LoginWithwrongemailpasswordTest()[pri:4, instance:test1.LoginTest1@49912c99]
                     </div>
                     <div>
                        <b>Start time: </b>19:19:36
                     </div>
                     <div>
                        <b>End time: </b>19:19:44
                     </div>
                     <div>
                        <b>Duration: </b>8s
                        
                     </div>
                  </div>
               </td>
            </tr>
            <tr>
               <td colspan="4" class="detailsBox">
                  <div id="test1.LoginTest1_LoginWithwrongemailpasswordTest_byStatus_failed_FAIL4_exception"
                       class="testMethodDetails">
                     <pre style="padding: 5px; margin: 0;">java.lang.AssertionError: expected [Please check your card number / username or password and try again.] but found [This should
                        be working, but something's gone wrong. Please try again soon. [500.GENERIC]]
                        at org.testng.Assert.fail(Assert.java:96)
                        at org.testng.Assert.failNotEquals(Assert.java:776)
                        at org.testng.Assert.assertEqualsImpl(Assert.java:137)
                        at org.testng.Assert.assertEquals(Assert.java:118)
                        at org.testng.Assert.assertEquals(Assert.java:453)
                        at org.testng.Assert.assertEquals(Assert.java:463)
                        at test1.LoginTest1.LoginWithwrongemailpasswordTest(LoginTest1.java:74)
                        at java.base/jdk.internal.reflect.NativeMethodAccessorImpl.invoke0(Native Method)
                        at java.base/jdk.internal.reflect.NativeMethodAccessorImpl.invoke(NativeMethodAccessorImpl.java:62)
                        at java.base/jdk.internal.reflect.DelegatingMethodAccessorImpl.invoke(DelegatingMethodAccessorImpl.java:43)
                        at java.base/java.lang.reflect.Method.invoke(Method.java:564)
                        at org.testng.internal.MethodInvocationHelper.invokeMethod(MethodInvocationHelper.java:124)
                        at org.testng.internal.Invoker.invokeMethod(Invoker.java:580)
                        at org.testng.internal.Invoker.invokeTestMethod(Invoker.java:716)
                        at org.testng.internal.Invoker.invokeTestMethods(Invoker.java:988)
                        at org.testng.internal.TestMethodWorker.invokeTestMethods(TestMethodWorker.java:125)
                        at org.testng.internal.TestMethodWorker.run(TestMethodWorker.java:109)
                        at org.testng.TestRunner.privateRun(TestRunner.java:648)
                        at org.testng.TestRunner.run(TestRunner.java:505)
                        at org.testng.SuiteRunner.runTest(SuiteRunner.java:455)
                        at org.testng.SuiteRunner.runSequentially(SuiteRunner.java:450)
                        at org.testng.SuiteRunner.privateRun(SuiteRunner.java:415)
                        at org.testng.SuiteRunner.run(SuiteRunner.java:364)
                        at org.testng.SuiteRunnerWorker.runSuite(SuiteRunnerWorker.java:52)
                        at org.testng.SuiteRunnerWorker.run(SuiteRunnerWorker.java:84)
                        at org.testng.TestNG.runSuitesSequentially(TestNG.java:1208)
                        at org.testng.TestNG.runSuitesLocally(TestNG.java:1137)
                        at org.testng.TestNG.runSuites(TestNG.java:1049)
                        at org.testng.TestNG.run(TestNG.java:1017)
                        at org.testng.TestNG.privateMain(TestNG.java:1354)
                        at org.testng.TestNG.main(TestNG.java:1323)
                     </pre>
                  </div>
               </td>
            </tr>
            <tr id="test1.LoginTest1_beforeMethod_byStatus_passed_PASS1_row"
                class="testMethodStatusPASS testMethodStatusCONF">
               <td width="100%" class="firstMethodCell">
                  <a onclick="toggleDetailsVisibility('test1.LoginTest1_beforeMethod_byStatus_passed_PASS1_details')">beforeMethod()</a>
               </td>
               <td nowrap="true">19:18:55</td>
               <td nowrap="true" align="right">4s
                  
               </td>
               <td nowrap="true">
                   
                  
               </td>
            </tr>
            <tr>
               <td colspan="4" class="detailsBox">
                  <div id="test1.LoginTest1_beforeMethod_byStatus_passed_PASS1_details"
                       class="testMethodDetails">
                     <div>
                        <b>Name: </b>beforeMethod
                     </div>
                     <div>
                        <b>Signature: </b>beforeMethod()[pri:0, instance:test1.LoginTest1@49912c99]
                     </div>
                     <div>
                        <b>Start time: </b>19:18:55
                     </div>
                     <div>
                        <b>End time: </b>19:18:59
                     </div>
                     <div>
                        <b>Duration: </b>4s
                        
                     </div>
                  </div>
               </td>
            </tr>
            <tr></tr>
            <tr id="test1.LoginTest1_afterMethod_byStatus_passed_PASS2_row"
                class="testMethodStatusPASS testMethodStatusCONF">
               <td width="100%" class="firstMethodCell">
                  <a onclick="toggleDetailsVisibility('test1.LoginTest1_afterMethod_byStatus_passed_PASS2_details')">afterMethod()</a>
               </td>
               <td nowrap="true">19:19:08</td>
               <td nowrap="true" align="right">617 ms
                  
               </td>
               <td nowrap="true">
                   
                  
               </td>
            </tr>
            <tr>
               <td colspan="4" class="detailsBox">
                  <div id="test1.LoginTest1_afterMethod_byStatus_passed_PASS2_details"
                       class="testMethodDetails">
                     <div>
                        <b>Name: </b>afterMethod
                     </div>
                     <div>
                        <b>Signature: </b>afterMethod()[pri:0, instance:test1.LoginTest1@49912c99]
                     </div>
                     <div>
                        <b>Start time: </b>19:19:08
                     </div>
                     <div>
                        <b>End time: </b>19:19:08
                     </div>
                     <div>
                        <b>Duration: </b>617 ms
                        
                     </div>
                  </div>
               </td>
            </tr>
            <tr></tr>
            <tr id="test1.LoginTest1_beforeMethod_byStatus_passed_PASS3_row"
                class="testMethodStatusPASS testMethodStatusCONF">
               <td width="100%" class="firstMethodCell">
                  <a onclick="toggleDetailsVisibility('test1.LoginTest1_beforeMethod_byStatus_passed_PASS3_details')">beforeMethod()</a>
               </td>
               <td nowrap="true">19:19:08</td>
               <td nowrap="true" align="right">3s
                  
               </td>
               <td nowrap="true">
                   
                  
               </td>
            </tr>
            <tr>
               <td colspan="4" class="detailsBox">
                  <div id="test1.LoginTest1_beforeMethod_byStatus_passed_PASS3_details"
                       class="testMethodDetails">
                     <div>
                        <b>Name: </b>beforeMethod
                     </div>
                     <div>
                        <b>Signature: </b>beforeMethod()[pri:0, instance:test1.LoginTest1@49912c99]
                     </div>
                     <div>
                        <b>Start time: </b>19:19:08
                     </div>
                     <div>
                        <b>End time: </b>19:19:11
                     </div>
                     <div>
                        <b>Duration: </b>3s
                        
                     </div>
                  </div>
               </td>
            </tr>
            <tr></tr>
            <tr id="test1.LoginTest1_afterMethod_byStatus_passed_PASS4_row"
                class="testMethodStatusPASS testMethodStatusCONF">
               <td width="100%" class="firstMethodCell">
                  <a onclick="toggleDetailsVisibility('test1.LoginTest1_afterMethod_byStatus_passed_PASS4_details')">afterMethod()</a>
               </td>
               <td nowrap="true">19:19:20</td>
               <td nowrap="true" align="right">606 ms
                  
               </td>
               <td nowrap="true">
                   
                  
               </td>
            </tr>
            <tr>
               <td colspan="4" class="detailsBox">
                  <div id="test1.LoginTest1_afterMethod_byStatus_passed_PASS4_details"
                       class="testMethodDetails">
                     <div>
                        <b>Name: </b>afterMethod
                     </div>
                     <div>
                        <b>Signature: </b>afterMethod()[pri:0, instance:test1.LoginTest1@49912c99]
                     </div>
                     <div>
                        <b>Start time: </b>19:19:20
                     </div>
                     <div>
                        <b>End time: </b>19:19:20
                     </div>
                     <div>
                        <b>Duration: </b>606 ms
                        
                     </div>
                  </div>
               </td>
            </tr>
            <tr></tr>
            <tr id="test1.LoginTest1_beforeMethod_byStatus_passed_PASS5_row"
                class="testMethodStatusPASS testMethodStatusCONF">
               <td width="100%" class="firstMethodCell">
                  <a onclick="toggleDetailsVisibility('test1.LoginTest1_beforeMethod_byStatus_passed_PASS5_details')">beforeMethod()</a>
               </td>
               <td nowrap="true">19:19:20</td>
               <td nowrap="true" align="right">3s
                  
               </td>
               <td nowrap="true">
                   
                  
               </td>
            </tr>
            <tr>
               <td colspan="4" class="detailsBox">
                  <div id="test1.LoginTest1_beforeMethod_byStatus_passed_PASS5_details"
                       class="testMethodDetails">
                     <div>
                        <b>Name: </b>beforeMethod
                     </div>
                     <div>
                        <b>Signature: </b>beforeMethod()[pri:0, instance:test1.LoginTest1@49912c99]
                     </div>
                     <div>
                        <b>Start time: </b>19:19:20
                     </div>
                     <div>
                        <b>End time: </b>19:19:23
                     </div>
                     <div>
                        <b>Duration: </b>3s
                        
                     </div>
                  </div>
               </td>
            </tr>
            <tr></tr>
            <tr id="test1.LoginTest1_afterMethod_byStatus_passed_PASS6_row"
                class="testMethodStatusPASS testMethodStatusCONF">
               <td width="100%" class="firstMethodCell">
                  <a onclick="toggleDetailsVisibility('test1.LoginTest1_afterMethod_byStatus_passed_PASS6_details')">afterMethod()</a>
               </td>
               <td nowrap="true">19:19:32</td>
               <td nowrap="true" align="right">736 ms
                  
               </td>
               <td nowrap="true">
                   
                  
               </td>
            </tr>
            <tr>
               <td colspan="4" class="detailsBox">
                  <div id="test1.LoginTest1_afterMethod_byStatus_passed_PASS6_details"
                       class="testMethodDetails">
                     <div>
                        <b>Name: </b>afterMethod
                     </div>
                     <div>
                        <b>Signature: </b>afterMethod()[pri:0, instance:test1.LoginTest1@49912c99]
                     </div>
                     <div>
                        <b>Start time: </b>19:19:32
                     </div>
                     <div>
                        <b>End time: </b>19:19:33
                     </div>
                     <div>
                        <b>Duration: </b>736 ms
                        
                     </div>
                  </div>
               </td>
            </tr>
            <tr></tr>
            <tr id="test1.LoginTest1_beforeMethod_byStatus_passed_PASS7_row"
                class="testMethodStatusPASS testMethodStatusCONF">
               <td width="100%" class="firstMethodCell">
                  <a onclick="toggleDetailsVisibility('test1.LoginTest1_beforeMethod_byStatus_passed_PASS7_details')">beforeMethod()</a>
               </td>
               <td nowrap="true">19:19:33</td>
               <td nowrap="true" align="right">3s
                  
               </td>
               <td nowrap="true">
                   
                  
               </td>
            </tr>
            <tr>
               <td colspan="4" class="detailsBox">
                  <div id="test1.LoginTest1_beforeMethod_byStatus_passed_PASS7_details"
                       class="testMethodDetails">
                     <div>
                        <b>Name: </b>beforeMethod
                     </div>
                     <div>
                        <b>Signature: </b>beforeMethod()[pri:0, instance:test1.LoginTest1@49912c99]
                     </div>
                     <div>
                        <b>Start time: </b>19:19:33
                     </div>
                     <div>
                        <b>End time: </b>19:19:36
                     </div>
                     <div>
                        <b>Duration: </b>3s
                        
                     </div>
                  </div>
               </td>
            </tr>
            <tr></tr>
            <tr id="test1.LoginTest1_afterMethod_byStatus_passed_PASS8_row"
                class="testMethodStatusPASS testMethodStatusCONF">
               <td width="100%" class="firstMethodCell">
                  <a onclick="toggleDetailsVisibility('test1.LoginTest1_afterMethod_byStatus_passed_PASS8_details')">afterMethod()</a>
               </td>
               <td nowrap="true">19:19:44</td>
               <td nowrap="true" align="right">711 ms
                  
               </td>
               <td nowrap="true">
                   
                  
               </td>
            </tr>
            <tr>
               <td colspan="4" class="detailsBox">
                  <div id="test1.LoginTest1_afterMethod_byStatus_passed_PASS8_details"
                       class="testMethodDetails">
                     <div>
                        <b>Name: </b>afterMethod
                     </div>
                     <div>
                        <b>Signature: </b>afterMethod()[pri:0, instance:test1.LoginTest1@49912c99]
                     </div>
                     <div>
                        <b>Start time: </b>19:19:44
                     </div>
                     <div>
                        <b>End time: </b>19:19:45
                     </div>
                     <div>
                        <b>Duration: </b>711 ms
                        
                     </div>
                  </div>
               </td>
            </tr>
            <tr></tr>
         </table>
      </div>
      <div id="testMethodsByClass" style="display: none;">
         <table class="testMethodsTable" cellpadding="0" cellspacing="0">
            <tr>
               <td colspan="4">
                  <h3 style="display: inline;">test1.LoginTest1</h3>
               </td>
            </tr>
            <tr class="methodsTableHeader">
               <td width="100%">Name</td>
               <td nowrap="true">Started</td>
               <td nowrap="true">Duration</td>
               <td>Exception</td>
            </tr>
            <tr id="test1.LoginTest1_beforeMethod_byClass_PASS1_row"
                class="testMethodStatusPASS testMethodStatusCONF">
               <td width="100%" class="firstMethodCell">
                  <a onclick="toggleDetailsVisibility('test1.LoginTest1_beforeMethod_byClass_PASS1_details')">beforeMethod()</a>
               </td>
               <td nowrap="true">19:18:55</td>
               <td nowrap="true" align="right">4s
                  
               </td>
               <td nowrap="true">
                   
                  
               </td>
            </tr>
            <tr>
               <td colspan="4" class="detailsBox">
                  <div id="test1.LoginTest1_beforeMethod_byClass_PASS1_details"
                       class="testMethodDetails">
                     <div>
                        <b>Name: </b>beforeMethod
                     </div>
                     <div>
                        <b>Signature: </b>beforeMethod()[pri:0, instance:test1.LoginTest1@49912c99]
                     </div>
                     <div>
                        <b>Start time: </b>19:18:55
                     </div>
                     <div>
                        <b>End time: </b>19:18:59
                     </div>
                     <div>
                        <b>Duration: </b>4s
                        
                     </div>
                  </div>
               </td>
            </tr>
            <tr></tr>
            <tr id="test1.LoginTest1_LoginWithSpecialCharTest_byClass_FAIL2_row"
                class="testMethodStatusFAIL">
               <td width="100%" class="firstMethodCell">
                  <a onclick="toggleDetailsVisibility('test1.LoginTest1_LoginWithSpecialCharTest_byClass_FAIL2_details')">LoginWithSpecialCharTest()</a>
               </td>
               <td nowrap="true">19:18:59</td>
               <td nowrap="true" align="right">8s
                  
               </td>
               <td nowrap="true">
                  <a onclick="toggleDetailsVisibility('test1.LoginTest1_LoginWithSpecialCharTest_byClass_FAIL2_exception')">java.lang.AssertionError: 
                     expected [Please enter a username or card number without special characters.] but found [This should be working, but something's
                     gone wrong. Please try again soon. [500.GENERIC]]
                     
                  </a>
                   
                  
               </td>
            </tr>
            <tr>
               <td colspan="4" class="detailsBox">
                  <div id="test1.LoginTest1_LoginWithSpecialCharTest_byClass_FAIL2_details"
                       class="testMethodDetails">
                     <div>
                        <b>Name: </b>LoginWithSpecialCharTest
                     </div>
                     <div>
                        <b>Signature: </b>LoginWithSpecialCharTest()[pri:1, instance:test1.LoginTest1@49912c99]
                     </div>
                     <div>
                        <b>Start time: </b>19:18:59
                     </div>
                     <div>
                        <b>End time: </b>19:19:08
                     </div>
                     <div>
                        <b>Duration: </b>8s
                        
                     </div>
                  </div>
               </td>
            </tr>
            <tr>
               <td colspan="4" class="detailsBox">
                  <div id="test1.LoginTest1_LoginWithSpecialCharTest_byClass_FAIL2_exception"
                       class="testMethodDetails">
                     <pre style="padding: 5px; margin: 0;">java.lang.AssertionError: expected [Please enter a username or card number without special characters.] but found [This should
                        be working, but something's gone wrong. Please try again soon. [500.GENERIC]]
                        at org.testng.Assert.fail(Assert.java:96)
                        at org.testng.Assert.failNotEquals(Assert.java:776)
                        at org.testng.Assert.assertEqualsImpl(Assert.java:137)
                        at org.testng.Assert.assertEquals(Assert.java:118)
                        at org.testng.Assert.assertEquals(Assert.java:453)
                        at org.testng.Assert.assertEquals(Assert.java:463)
                        at test1.LoginTest1.LoginWithSpecialCharTest(LoginTest1.java:42)
                        at java.base/jdk.internal.reflect.NativeMethodAccessorImpl.invoke0(Native Method)
                        at java.base/jdk.internal.reflect.NativeMethodAccessorImpl.invoke(NativeMethodAccessorImpl.java:62)
                        at java.base/jdk.internal.reflect.DelegatingMethodAccessorImpl.invoke(DelegatingMethodAccessorImpl.java:43)
                        at java.base/java.lang.reflect.Method.invoke(Method.java:564)
                        at org.testng.internal.MethodInvocationHelper.invokeMethod(MethodInvocationHelper.java:124)
                        at org.testng.internal.Invoker.invokeMethod(Invoker.java:580)
                        at org.testng.internal.Invoker.invokeTestMethod(Invoker.java:716)
                        at org.testng.internal.Invoker.invokeTestMethods(Invoker.java:988)
                        at org.testng.internal.TestMethodWorker.invokeTestMethods(TestMethodWorker.java:125)
                        at org.testng.internal.TestMethodWorker.run(TestMethodWorker.java:109)
                        at org.testng.TestRunner.privateRun(TestRunner.java:648)
                        at org.testng.TestRunner.run(TestRunner.java:505)
                        at org.testng.SuiteRunner.runTest(SuiteRunner.java:455)
                        at org.testng.SuiteRunner.runSequentially(SuiteRunner.java:450)
                        at org.testng.SuiteRunner.privateRun(SuiteRunner.java:415)
                        at org.testng.SuiteRunner.run(SuiteRunner.java:364)
                        at org.testng.SuiteRunnerWorker.runSuite(SuiteRunnerWorker.java:52)
                        at org.testng.SuiteRunnerWorker.run(SuiteRunnerWorker.java:84)
                        at org.testng.TestNG.runSuitesSequentially(TestNG.java:1208)
                        at org.testng.TestNG.runSuitesLocally(TestNG.java:1137)
                        at org.testng.TestNG.runSuites(TestNG.java:1049)
                        at org.testng.TestNG.run(TestNG.java:1017)
                        at org.testng.TestNG.privateMain(TestNG.java:1354)
                        at org.testng.TestNG.main(TestNG.java:1323)
                     </pre>
                  </div>
               </td>
            </tr>
            <tr id="test1.LoginTest1_afterMethod_byClass_PASS3_row"
                class="testMethodStatusPASS testMethodStatusCONF">
               <td width="100%" class="firstMethodCell">
                  <a onclick="toggleDetailsVisibility('test1.LoginTest1_afterMethod_byClass_PASS3_details')">afterMethod()</a>
               </td>
               <td nowrap="true">19:19:08</td>
               <td nowrap="true" align="right">617 ms
                  
               </td>
               <td nowrap="true">
                   
                  
               </td>
            </tr>
            <tr>
               <td colspan="4" class="detailsBox">
                  <div id="test1.LoginTest1_afterMethod_byClass_PASS3_details"
                       class="testMethodDetails">
                     <div>
                        <b>Name: </b>afterMethod
                     </div>
                     <div>
                        <b>Signature: </b>afterMethod()[pri:0, instance:test1.LoginTest1@49912c99]
                     </div>
                     <div>
                        <b>Start time: </b>19:19:08
                     </div>
                     <div>
                        <b>End time: </b>19:19:08
                     </div>
                     <div>
                        <b>Duration: </b>617 ms
                        
                     </div>
                  </div>
               </td>
            </tr>
            <tr></tr>
            <tr id="test1.LoginTest1_beforeMethod_byClass_PASS4_row"
                class="testMethodStatusPASS testMethodStatusCONF">
               <td width="100%" class="firstMethodCell">
                  <a onclick="toggleDetailsVisibility('test1.LoginTest1_beforeMethod_byClass_PASS4_details')">beforeMethod()</a>
               </td>
               <td nowrap="true">19:19:08</td>
               <td nowrap="true" align="right">3s
                  
               </td>
               <td nowrap="true">
                   
                  
               </td>
            </tr>
            <tr>
               <td colspan="4" class="detailsBox">
                  <div id="test1.LoginTest1_beforeMethod_byClass_PASS4_details"
                       class="testMethodDetails">
                     <div>
                        <b>Name: </b>beforeMethod
                     </div>
                     <div>
                        <b>Signature: </b>beforeMethod()[pri:0, instance:test1.LoginTest1@49912c99]
                     </div>
                     <div>
                        <b>Start time: </b>19:19:08
                     </div>
                     <div>
                        <b>End time: </b>19:19:11
                     </div>
                     <div>
                        <b>Duration: </b>3s
                        
                     </div>
                  </div>
               </td>
            </tr>
            <tr></tr>
            <tr id="test1.LoginTest1_LoginWithEmptyEmail_byClass_FAIL5_row"
                class="testMethodStatusFAIL">
               <td width="100%" class="firstMethodCell">
                  <a onclick="toggleDetailsVisibility('test1.LoginTest1_LoginWithEmptyEmail_byClass_FAIL5_details')">LoginWithEmptyEmail()</a>
               </td>
               <td nowrap="true">19:19:11</td>
               <td nowrap="true" align="right">8s
                  
               </td>
               <td nowrap="true">
                  <a onclick="toggleDetailsVisibility('test1.LoginTest1_LoginWithEmptyEmail_byClass_FAIL5_exception')">java.lang.AssertionError: 
                     expected [Please enter your username or card number.] but found [Please enter your Username or Access Card number.]
                     
                  </a>
                   
                  
               </td>
            </tr>
            <tr>
               <td colspan="4" class="detailsBox">
                  <div id="test1.LoginTest1_LoginWithEmptyEmail_byClass_FAIL5_details"
                       class="testMethodDetails">
                     <div>
                        <b>Name: </b>LoginWithEmptyEmail
                     </div>
                     <div>
                        <b>Signature: </b>LoginWithEmptyEmail()[pri:2, instance:test1.LoginTest1@49912c99]
                     </div>
                     <div>
                        <b>Start time: </b>19:19:11
                     </div>
                     <div>
                        <b>End time: </b>19:19:20
                     </div>
                     <div>
                        <b>Duration: </b>8s
                        
                     </div>
                  </div>
               </td>
            </tr>
            <tr>
               <td colspan="4" class="detailsBox">
                  <div id="test1.LoginTest1_LoginWithEmptyEmail_byClass_FAIL5_exception"
                       class="testMethodDetails">
                     <pre style="padding: 5px; margin: 0;">java.lang.AssertionError: expected [Please enter your username or card number.] but found [Please enter your Username or Access
                        Card number.]
                        at org.testng.Assert.fail(Assert.java:96)
                        at org.testng.Assert.failNotEquals(Assert.java:776)
                        at org.testng.Assert.assertEqualsImpl(Assert.java:137)
                        at org.testng.Assert.assertEquals(Assert.java:118)
                        at org.testng.Assert.assertEquals(Assert.java:453)
                        at org.testng.Assert.assertEquals(Assert.java:463)
                        at test1.LoginTest1.LoginWithEmptyEmail(LoginTest1.java:53)
                        at java.base/jdk.internal.reflect.NativeMethodAccessorImpl.invoke0(Native Method)
                        at java.base/jdk.internal.reflect.NativeMethodAccessorImpl.invoke(NativeMethodAccessorImpl.java:62)
                        at java.base/jdk.internal.reflect.DelegatingMethodAccessorImpl.invoke(DelegatingMethodAccessorImpl.java:43)
                        at java.base/java.lang.reflect.Method.invoke(Method.java:564)
                        at org.testng.internal.MethodInvocationHelper.invokeMethod(MethodInvocationHelper.java:124)
                        at org.testng.internal.Invoker.invokeMethod(Invoker.java:580)
                        at org.testng.internal.Invoker.invokeTestMethod(Invoker.java:716)
                        at org.testng.internal.Invoker.invokeTestMethods(Invoker.java:988)
                        at org.testng.internal.TestMethodWorker.invokeTestMethods(TestMethodWorker.java:125)
                        at org.testng.internal.TestMethodWorker.run(TestMethodWorker.java:109)
                        at org.testng.TestRunner.privateRun(TestRunner.java:648)
                        at org.testng.TestRunner.run(TestRunner.java:505)
                        at org.testng.SuiteRunner.runTest(SuiteRunner.java:455)
                        at org.testng.SuiteRunner.runSequentially(SuiteRunner.java:450)
                        at org.testng.SuiteRunner.privateRun(SuiteRunner.java:415)
                        at org.testng.SuiteRunner.run(SuiteRunner.java:364)
                        at org.testng.SuiteRunnerWorker.runSuite(SuiteRunnerWorker.java:52)
                        at org.testng.SuiteRunnerWorker.run(SuiteRunnerWorker.java:84)
                        at org.testng.TestNG.runSuitesSequentially(TestNG.java:1208)
                        at org.testng.TestNG.runSuitesLocally(TestNG.java:1137)
                        at org.testng.TestNG.runSuites(TestNG.java:1049)
                        at org.testng.TestNG.run(TestNG.java:1017)
                        at org.testng.TestNG.privateMain(TestNG.java:1354)
                        at org.testng.TestNG.main(TestNG.java:1323)
                     </pre>
                  </div>
               </td>
            </tr>
            <tr id="test1.LoginTest1_afterMethod_byClass_PASS6_row"
                class="testMethodStatusPASS testMethodStatusCONF">
               <td width="100%" class="firstMethodCell">
                  <a onclick="toggleDetailsVisibility('test1.LoginTest1_afterMethod_byClass_PASS6_details')">afterMethod()</a>
               </td>
               <td nowrap="true">19:19:20</td>
               <td nowrap="true" align="right">606 ms
                  
               </td>
               <td nowrap="true">
                   
                  
               </td>
            </tr>
            <tr>
               <td colspan="4" class="detailsBox">
                  <div id="test1.LoginTest1_afterMethod_byClass_PASS6_details"
                       class="testMethodDetails">
                     <div>
                        <b>Name: </b>afterMethod
                     </div>
                     <div>
                        <b>Signature: </b>afterMethod()[pri:0, instance:test1.LoginTest1@49912c99]
                     </div>
                     <div>
                        <b>Start time: </b>19:19:20
                     </div>
                     <div>
                        <b>End time: </b>19:19:20
                     </div>
                     <div>
                        <b>Duration: </b>606 ms
                        
                     </div>
                  </div>
               </td>
            </tr>
            <tr></tr>
            <tr id="test1.LoginTest1_beforeMethod_byClass_PASS7_row"
                class="testMethodStatusPASS testMethodStatusCONF">
               <td width="100%" class="firstMethodCell">
                  <a onclick="toggleDetailsVisibility('test1.LoginTest1_beforeMethod_byClass_PASS7_details')">beforeMethod()</a>
               </td>
               <td nowrap="true">19:19:20</td>
               <td nowrap="true" align="right">3s
                  
               </td>
               <td nowrap="true">
                   
                  
               </td>
            </tr>
            <tr>
               <td colspan="4" class="detailsBox">
                  <div id="test1.LoginTest1_beforeMethod_byClass_PASS7_details"
                       class="testMethodDetails">
                     <div>
                        <b>Name: </b>beforeMethod
                     </div>
                     <div>
                        <b>Signature: </b>beforeMethod()[pri:0, instance:test1.LoginTest1@49912c99]
                     </div>
                     <div>
                        <b>Start time: </b>19:19:20
                     </div>
                     <div>
                        <b>End time: </b>19:19:23
                     </div>
                     <div>
                        <b>Duration: </b>3s
                        
                     </div>
                  </div>
               </td>
            </tr>
            <tr></tr>
            <tr id="test1.LoginTest1_LoginWithEmptyPassword_byClass_FAIL8_row"
                class="testMethodStatusFAIL">
               <td width="100%" class="firstMethodCell">
                  <a onclick="toggleDetailsVisibility('test1.LoginTest1_LoginWithEmptyPassword_byClass_FAIL8_details')">LoginWithEmptyPassword()</a>
               </td>
               <td nowrap="true">19:19:23</td>
               <td nowrap="true" align="right">8s
                  
               </td>
               <td nowrap="true">
                  <a onclick="toggleDetailsVisibility('test1.LoginTest1_LoginWithEmptyPassword_byClass_FAIL8_exception')">java.lang.AssertionError: 
                     expected [Please enter your password.] but found [Please enter your password]
                     
                  </a>
                   
                  
               </td>
            </tr>
            <tr>
               <td colspan="4" class="detailsBox">
                  <div id="test1.LoginTest1_LoginWithEmptyPassword_byClass_FAIL8_details"
                       class="testMethodDetails">
                     <div>
                        <b>Name: </b>LoginWithEmptyPassword
                     </div>
                     <div>
                        <b>Signature: </b>LoginWithEmptyPassword()[pri:3, instance:test1.LoginTest1@49912c99]
                     </div>
                     <div>
                        <b>Start time: </b>19:19:23
                     </div>
                     <div>
                        <b>End time: </b>19:19:32
                     </div>
                     <div>
                        <b>Duration: </b>8s
                        
                     </div>
                  </div>
               </td>
            </tr>
            <tr>
               <td colspan="4" class="detailsBox">
                  <div id="test1.LoginTest1_LoginWithEmptyPassword_byClass_FAIL8_exception"
                       class="testMethodDetails">
                     <pre style="padding: 5px; margin: 0;">java.lang.AssertionError: expected [Please enter your password.] but found [Please enter your password]
                        at org.testng.Assert.fail(Assert.java:96)
                        at org.testng.Assert.failNotEquals(Assert.java:776)
                        at org.testng.Assert.assertEqualsImpl(Assert.java:137)
                        at org.testng.Assert.assertEquals(Assert.java:118)
                        at org.testng.Assert.assertEquals(Assert.java:453)
                        at org.testng.Assert.assertEquals(Assert.java:463)
                        at test1.LoginTest1.LoginWithEmptyPassword(LoginTest1.java:63)
                        at java.base/jdk.internal.reflect.NativeMethodAccessorImpl.invoke0(Native Method)
                        at java.base/jdk.internal.reflect.NativeMethodAccessorImpl.invoke(NativeMethodAccessorImpl.java:62)
                        at java.base/jdk.internal.reflect.DelegatingMethodAccessorImpl.invoke(DelegatingMethodAccessorImpl.java:43)
                        at java.base/java.lang.reflect.Method.invoke(Method.java:564)
                        at org.testng.internal.MethodInvocationHelper.invokeMethod(MethodInvocationHelper.java:124)
                        at org.testng.internal.Invoker.invokeMethod(Invoker.java:580)
                        at org.testng.internal.Invoker.invokeTestMethod(Invoker.java:716)
                        at org.testng.internal.Invoker.invokeTestMethods(Invoker.java:988)
                        at org.testng.internal.TestMethodWorker.invokeTestMethods(TestMethodWorker.java:125)
                        at org.testng.internal.TestMethodWorker.run(TestMethodWorker.java:109)
                        at org.testng.TestRunner.privateRun(TestRunner.java:648)
                        at org.testng.TestRunner.run(TestRunner.java:505)
                        at org.testng.SuiteRunner.runTest(SuiteRunner.java:455)
                        at org.testng.SuiteRunner.runSequentially(SuiteRunner.java:450)
                        at org.testng.SuiteRunner.privateRun(SuiteRunner.java:415)
                        at org.testng.SuiteRunner.run(SuiteRunner.java:364)
                        at org.testng.SuiteRunnerWorker.runSuite(SuiteRunnerWorker.java:52)
                        at org.testng.SuiteRunnerWorker.run(SuiteRunnerWorker.java:84)
                        at org.testng.TestNG.runSuitesSequentially(TestNG.java:1208)
                        at org.testng.TestNG.runSuitesLocally(TestNG.java:1137)
                        at org.testng.TestNG.runSuites(TestNG.java:1049)
                        at org.testng.TestNG.run(TestNG.java:1017)
                        at org.testng.TestNG.privateMain(TestNG.java:1354)
                        at org.testng.TestNG.main(TestNG.java:1323)
                     </pre>
                  </div>
               </td>
            </tr>
            <tr id="test1.LoginTest1_afterMethod_byClass_PASS9_row"
                class="testMethodStatusPASS testMethodStatusCONF">
               <td width="100%" class="firstMethodCell">
                  <a onclick="toggleDetailsVisibility('test1.LoginTest1_afterMethod_byClass_PASS9_details')">afterMethod()</a>
               </td>
               <td nowrap="true">19:19:32</td>
               <td nowrap="true" align="right">736 ms
                  
               </td>
               <td nowrap="true">
                   
                  
               </td>
            </tr>
            <tr>
               <td colspan="4" class="detailsBox">
                  <div id="test1.LoginTest1_afterMethod_byClass_PASS9_details"
                       class="testMethodDetails">
                     <div>
                        <b>Name: </b>afterMethod
                     </div>
                     <div>
                        <b>Signature: </b>afterMethod()[pri:0, instance:test1.LoginTest1@49912c99]
                     </div>
                     <div>
                        <b>Start time: </b>19:19:32
                     </div>
                     <div>
                        <b>End time: </b>19:19:33
                     </div>
                     <div>
                        <b>Duration: </b>736 ms
                        
                     </div>
                  </div>
               </td>
            </tr>
            <tr></tr>
            <tr id="test1.LoginTest1_beforeMethod_byClass_PASS10_row"
                class="testMethodStatusPASS testMethodStatusCONF">
               <td width="100%" class="firstMethodCell">
                  <a onclick="toggleDetailsVisibility('test1.LoginTest1_beforeMethod_byClass_PASS10_details')">beforeMethod()</a>
               </td>
               <td nowrap="true">19:19:33</td>
               <td nowrap="true" align="right">3s
                  
               </td>
               <td nowrap="true">
                   
                  
               </td>
            </tr>
            <tr>
               <td colspan="4" class="detailsBox">
                  <div id="test1.LoginTest1_beforeMethod_byClass_PASS10_details"
                       class="testMethodDetails">
                     <div>
                        <b>Name: </b>beforeMethod
                     </div>
                     <div>
                        <b>Signature: </b>beforeMethod()[pri:0, instance:test1.LoginTest1@49912c99]
                     </div>
                     <div>
                        <b>Start time: </b>19:19:33
                     </div>
                     <div>
                        <b>End time: </b>19:19:36
                     </div>
                     <div>
                        <b>Duration: </b>3s
                        
                     </div>
                  </div>
               </td>
            </tr>
            <tr></tr>
            <tr id="test1.LoginTest1_LoginWithwrongemailpasswordTest_byClass_FAIL11_row"
                class="testMethodStatusFAIL">
               <td width="100%" class="firstMethodCell">
                  <a onclick="toggleDetailsVisibility('test1.LoginTest1_LoginWithwrongemailpasswordTest_byClass_FAIL11_details')">LoginWithwrongemailpasswordTest()</a>
               </td>
               <td nowrap="true">19:19:36</td>
               <td nowrap="true" align="right">8s
                  
               </td>
               <td nowrap="true">
                  <a onclick="toggleDetailsVisibility('test1.LoginTest1_LoginWithwrongemailpasswordTest_byClass_FAIL11_exception')">java.lang.AssertionError: 
                     expected [Please check your card number / username or password and try again.] but found [This should be working, but something's
                     gone wrong. Please try again soon. [500.GENERIC]]
                     
                  </a>
                   
                  
               </td>
            </tr>
            <tr>
               <td colspan="4" class="detailsBox">
                  <div id="test1.LoginTest1_LoginWithwrongemailpasswordTest_byClass_FAIL11_details"
                       class="testMethodDetails">
                     <div>
                        <b>Name: </b>LoginWithwrongemailpasswordTest
                     </div>
                     <div>
                        <b>Signature: </b>LoginWithwrongemailpasswordTest()[pri:4, instance:test1.LoginTest1@49912c99]
                     </div>
                     <div>
                        <b>Start time: </b>19:19:36
                     </div>
                     <div>
                        <b>End time: </b>19:19:44
                     </div>
                     <div>
                        <b>Duration: </b>8s
                        
                     </div>
                  </div>
               </td>
            </tr>
            <tr>
               <td colspan="4" class="detailsBox">
                  <div id="test1.LoginTest1_LoginWithwrongemailpasswordTest_byClass_FAIL11_exception"
                       class="testMethodDetails">
                     <pre style="padding: 5px; margin: 0;">java.lang.AssertionError: expected [Please check your card number / username or password and try again.] but found [This should
                        be working, but something's gone wrong. Please try again soon. [500.GENERIC]]
                        at org.testng.Assert.fail(Assert.java:96)
                        at org.testng.Assert.failNotEquals(Assert.java:776)
                        at org.testng.Assert.assertEqualsImpl(Assert.java:137)
                        at org.testng.Assert.assertEquals(Assert.java:118)
                        at org.testng.Assert.assertEquals(Assert.java:453)
                        at org.testng.Assert.assertEquals(Assert.java:463)
                        at test1.LoginTest1.LoginWithwrongemailpasswordTest(LoginTest1.java:74)
                        at java.base/jdk.internal.reflect.NativeMethodAccessorImpl.invoke0(Native Method)
                        at java.base/jdk.internal.reflect.NativeMethodAccessorImpl.invoke(NativeMethodAccessorImpl.java:62)
                        at java.base/jdk.internal.reflect.DelegatingMethodAccessorImpl.invoke(DelegatingMethodAccessorImpl.java:43)
                        at java.base/java.lang.reflect.Method.invoke(Method.java:564)
                        at org.testng.internal.MethodInvocationHelper.invokeMethod(MethodInvocationHelper.java:124)
                        at org.testng.internal.Invoker.invokeMethod(Invoker.java:580)
                        at org.testng.internal.Invoker.invokeTestMethod(Invoker.java:716)
                        at org.testng.internal.Invoker.invokeTestMethods(Invoker.java:988)
                        at org.testng.internal.TestMethodWorker.invokeTestMethods(TestMethodWorker.java:125)
                        at org.testng.internal.TestMethodWorker.run(TestMethodWorker.java:109)
                        at org.testng.TestRunner.privateRun(TestRunner.java:648)
                        at org.testng.TestRunner.run(TestRunner.java:505)
                        at org.testng.SuiteRunner.runTest(SuiteRunner.java:455)
                        at org.testng.SuiteRunner.runSequentially(SuiteRunner.java:450)
                        at org.testng.SuiteRunner.privateRun(SuiteRunner.java:415)
                        at org.testng.SuiteRunner.run(SuiteRunner.java:364)
                        at org.testng.SuiteRunnerWorker.runSuite(SuiteRunnerWorker.java:52)
                        at org.testng.SuiteRunnerWorker.run(SuiteRunnerWorker.java:84)
                        at org.testng.TestNG.runSuitesSequentially(TestNG.java:1208)
                        at org.testng.TestNG.runSuitesLocally(TestNG.java:1137)
                        at org.testng.TestNG.runSuites(TestNG.java:1049)
                        at org.testng.TestNG.run(TestNG.java:1017)
                        at org.testng.TestNG.privateMain(TestNG.java:1354)
                        at org.testng.TestNG.main(TestNG.java:1323)
                     </pre>
                  </div>
               </td>
            </tr>
            <tr id="test1.LoginTest1_afterMethod_byClass_PASS12_row"
                class="testMethodStatusPASS testMethodStatusCONF">
               <td width="100%" class="firstMethodCell">
                  <a onclick="toggleDetailsVisibility('test1.LoginTest1_afterMethod_byClass_PASS12_details')">afterMethod()</a>
               </td>
               <td nowrap="true">19:19:44</td>
               <td nowrap="true" align="right">711 ms
                  
               </td>
               <td nowrap="true">
                   
                  
               </td>
            </tr>
            <tr>
               <td colspan="4" class="detailsBox">
                  <div id="test1.LoginTest1_afterMethod_byClass_PASS12_details"
                       class="testMethodDetails">
                     <div>
                        <b>Name: </b>afterMethod
                     </div>
                     <div>
                        <b>Signature: </b>afterMethod()[pri:0, instance:test1.LoginTest1@49912c99]
                     </div>
                     <div>
                        <b>Start time: </b>19:19:44
                     </div>
                     <div>
                        <b>End time: </b>19:19:45
                     </div>
                     <div>
                        <b>Duration: </b>711 ms
                        
                     </div>
                  </div>
               </td>
            </tr>
            <tr></tr>
         </table>
         <br></br>
      </div>
      <div style="margin-top: 15px; color: gray; text-align: center; font-size: 9px;">
         Generated with
         
         <a href="http://code.google.com/p/testng-xslt/" style="color: #8888aa;"
            target="_blank">
            TestNG XSLT
            
         </a>
      </div>
   </body>
</html>